<?xml version="1.0" encoding="UTF-8"?>
<!-- Generated by org.testng.reporters.JUnitXMLReporter -->
<testsuite ignored="0" hostname="Lenovo" failures="1" tests="5" name="Test" time="5.602" errors="0" timestamp="2025-04-05T12:10:24 IST">
  <testcase classname="com.tests.BookCRUDTest" name="testCreateBook" time="2.754"/>
  <testcase classname="com.tests.BookCRUDTest" name="testGetBookById" time="0.533">
    <failure type="java.lang.AssertionError" message="expected [200] but found [404]">
      <![CDATA[java.lang.AssertionError: expected [200] but found [404]
at com.tests.BookCRUDTest.testGetBookById(BookCRUDTest.java:24)
at java.base/java.util.ArrayList.forEach(ArrayList.java:1511)
... Removed 34 stack frames]]>
    </failure>
  </testcase> <!-- testGetBookById -->
  <testcase classname="com.tests.BookCRUDTest" name="testUpdateBook" time="0.501"/>
  <testcase classname="com.tests.BookCRUDTest" name="testDeleteBook" time="0.664"/>
  <testcase classname="com.tests.BookCRUDTest" name="testGetNonExistingBook" time="0.485"/>
</testsuite> <!-- Test -->
